<?xml version="1.0" encoding="UTF-8"?>
<testng-results ignored="0" total="1" passed="1" failed="0" skipped="0">
  <reporter-output>
  </reporter-output>
  <suite started-at="2024-05-29T12:12:01 IST" name="Surefire suite" finished-at="2024-05-29T12:12:37 IST" duration-ms="35791">
    <groups>
    </groups>
    <test started-at="2024-05-29T12:12:01 IST" name="Surefire test" finished-at="2024-05-29T12:12:37 IST" duration-ms="35791">
      <class name="runner.TestRunner">
        <test-method signature="testParallel()" started-at="2024-05-29T12:12:01 IST" name="testParallel" finished-at="2024-05-29T12:12:37 IST" duration-ms="35697" status="PASS">
          <reporter-output>
          </reporter-output>
        </test-method> <!-- testParallel -->
      </class> <!-- runner.TestRunner -->
    </test> <!-- Surefire test -->
  </suite> <!-- Surefire suite -->
</testng-results>
